<?xml version="1.0" encoding="UTF-8"?>
<!-- Generated by org.testng.reporters.JUnitReportReporter -->
<testsuite skipped="0" hostname="DESKTOP-PJ4T7BF" name="tc_ConnectInheritanceConcept.EditLead" tests="1" failures="0" timestamp="2024-04-04T16:42:49 CDT" time="50.189" errors="0">
  <testcase name="editLead" time="50.189" classname="tc_ConnectInheritanceConcept.EditLead"/>
  <system-out/>
</testsuite> <!-- tc_ConnectInheritanceConcept.EditLead -->
