<?xml version="1.0" encoding="UTF-8"?>
<!-- Generated by org.testng.reporters.JUnitReportReporter -->
<testsuite skipped="0" hostname="DESKTOP-PJ4T7BF" name="testNgDemo.TestngPriority" tests="4" failures="0" timestamp="2022-10-13T22:46:56 CDT" time="68.898" errors="0">
  <testcase name="mergeLead" time="13.742" classname="testNgDemo.TestngPriority"/>
  <testcase name="createLead" time="22.716" classname="testNgDemo.TestngPriority"/>
  <testcase name="editLead" time="17.652" classname="testNgDemo.TestngPriority"/>
  <testcase name="deleteLead" time="14.788" classname="testNgDemo.TestngPriority"/>
</testsuite> <!-- testNgDemo.TestngPriority -->
