<?xml version="1.0" encoding="UTF-8"?>
<!-- Generated by org.testng.reporters.JUnitReportReporter -->
<testsuite skipped="0" hostname="DESKTOP-PJ4T7BF" name="learnDataProvider_Parameterization.DataProvider_CreateLead" tests="3" failures="0" timestamp="2024-02-04T11:01:28 CST" time="101.403" errors="0">
  <testcase name="createLead" time="34.157" classname="learnDataProvider_Parameterization.DataProvider_CreateLead"/>
  <system-out/>
  <testcase name="createLead" time="37.725" classname="learnDataProvider_Parameterization.DataProvider_CreateLead"/>
  <system-out/>
  <testcase name="createLead" time="29.521" classname="learnDataProvider_Parameterization.DataProvider_CreateLead"/>
  <system-out/>
</testsuite> <!-- learnDataProvider_Parameterization.DataProvider_CreateLead -->
