<?xml version="1.0" encoding="UTF-8"?>
<!-- Generated by org.testng.reporters.JUnitReportReporter -->
<testsuite skipped="0" hostname="DESKTOP-PJ4T7BF" name="learnTestNG01.TestNGAnnotations" tests="3" failures="0" timestamp="2022-01-13T20:27:01 CST" time="0.010" errors="0">
  <testcase name="test2" time="0.007" classname="learnTestNG01.TestNGAnnotations"/>
  <testcase name="test3" time="0.001" classname="learnTestNG01.TestNGAnnotations"/>
  <testcase name="test1" time="0.002" classname="learnTestNG01.TestNGAnnotations"/>
</testsuite> <!-- learnTestNG01.TestNGAnnotations -->
