<?xml version="1.0" encoding="UTF-8"?>
<!-- Generated by org.testng.reporters.JUnitReportReporter -->
<testsuite skipped="0" hostname="DESKTOP-PJ4T7BF" name="webDriverManagerWithMultiBrowser.webDriverManager" tests="1" failures="0" timestamp="2024-02-10T12:50:10 CST" time="6.944" errors="0">
  <testcase name="test" time="6.944" classname="webDriverManagerWithMultiBrowser.webDriverManager"/>
  <system-out/>
</testsuite> <!-- webDriverManagerWithMultiBrowser.webDriverManager -->
