<?xml version="1.0" encoding="UTF-8"?>
<!-- Generated by org.testng.reporters.JUnitReportReporter -->
<testsuite skipped="0" hostname="DESKTOP-PJ4T7BF" name="tc_ConnectInheritanceConcept.CreateLead" tests="3" failures="0" timestamp="2024-04-04T16:42:49 CDT" time="107.449" errors="0">
  <testcase name="createLead" time="35.613" classname="tc_ConnectInheritanceConcept.CreateLead"/>
  <system-out/>
  <testcase name="createLead" time="39.381" classname="tc_ConnectInheritanceConcept.CreateLead"/>
  <system-out/>
  <testcase name="createLead" time="32.455" classname="tc_ConnectInheritanceConcept.CreateLead"/>
  <system-out/>
</testsuite> <!-- tc_ConnectInheritanceConcept.CreateLead -->
