<?xml version="1.0" encoding="UTF-8"?>
<!-- Generated by org.testng.reporters.JUnitReportReporter -->
<testsuite skipped="0" hostname="DESKTOP-PJ4T7BF" name="assigenment.InfiniteScroll" tests="1" failures="0" timestamp="2020-12-04T20:20:08 CST" time="1.040" errors="0">
  <testcase name="infiniteScroll" time="1.040" classname="assigenment.InfiniteScroll"/>
</testsuite> <!-- assigenment.InfiniteScroll -->
