<?xml version="1.0" encoding="UTF-8"?>
<!-- Generated by org.testng.reporters.JUnitReportReporter -->
<testsuite skipped="0" hostname="DESKTOP-PJ4T7BF" name="testNgDemo.AnnotationsOrder" tests="3" failures="0" timestamp="2022-10-13T22:12:47 CDT" time="0.008" errors="0">
  <testcase name="test2" time="0.004" classname="testNgDemo.AnnotationsOrder"/>
  <testcase name="test3" time="0.002" classname="testNgDemo.AnnotationsOrder"/>
  <testcase name="test1" time="0.002" classname="testNgDemo.AnnotationsOrder"/>
</testsuite> <!-- testNgDemo.AnnotationsOrder -->
