<?xml version="1.0" encoding="UTF-8"?>
<!-- Generated by org.testng.reporters.JUnitReportReporter -->
<testsuite skipped="0" hostname="DESKTOP-PJ4T7BF" name="learnTestNG.DuplicateLead" tests="1" failures="0" timestamp="2023-02-26T12:43:55 CST" time="18.436" errors="0">
  <testcase name="duplicateLead" time="18.436" classname="learnTestNG.DuplicateLead"/>
  <system-out/>
</testsuite> <!-- learnTestNG.DuplicateLead -->
