<?xml version="1.0" encoding="UTF-8"?>
<!-- Generated by org.testng.reporters.JUnitReportReporter -->
<testsuite skipped="0" hostname="DESKTOP-PJ4T7BF" name="startingPointOfFramework.TC001_CreatLead" tests="1" failures="0" timestamp="2022-02-10T23:29:13 CST" time="41.662" errors="0">
  <testcase name="creatLead" time="41.662" classname="startingPointOfFramework.TC001_CreatLead"/>
</testsuite> <!-- startingPointOfFramework.TC001_CreatLead -->
