<?xml version="1.0" encoding="UTF-8"?>
<!-- Generated by org.testng.reporters.JUnitReportReporter -->
<testsuite skipped="0" hostname="DESKTOP-PJ4T7BF" name="learnDataProvider_Parameterization.DataProvider_CreateLead" tests="6" failures="0" timestamp="2021-10-30T11:34:06 CDT" time="133.525" errors="0">
  <testcase name="createLead" time="21.068" classname="learnDataProvider_Parameterization.DataProvider_CreateLead"/>
  <testcase name="createLead" time="21.050" classname="learnDataProvider_Parameterization.DataProvider_CreateLead"/>
  <testcase name="createLead" time="23.676" classname="learnDataProvider_Parameterization.DataProvider_CreateLead"/>
  <testcase name="createLead" time="23.291" classname="learnDataProvider_Parameterization.DataProvider_CreateLead"/>
  <testcase name="createLead" time="22.478" classname="learnDataProvider_Parameterization.DataProvider_CreateLead"/>
  <testcase name="createLead" time="21.962" classname="learnDataProvider_Parameterization.DataProvider_CreateLead"/>
</testsuite> <!-- learnDataProvider_Parameterization.DataProvider_CreateLead -->
