<?xml version="1.0" encoding="UTF-8"?>
<!-- Generated by org.testng.reporters.JUnitReportReporter -->
<testsuite skipped="0" hostname="DESKTOP-PJ4T7BF" name="learnTestNG01.DuplicateLead" tests="1" failures="0" timestamp="2024-01-21T08:57:37 CST" time="23.293" errors="0">
  <testcase name="duplicateLead" time="23.293" classname="learnTestNG01.DuplicateLead"/>
  <system-out/>
</testsuite> <!-- learnTestNG01.DuplicateLead -->
