<?xml version="1.0" encoding="UTF-8"?>
<!-- Generated by org.testng.reporters.JUnitReportReporter -->
<testsuite skipped="0" hostname="DESKTOP-PJ4T7BF" name="miscellaneousConcept.DateTimePicker" tests="1" failures="0" timestamp="2021-10-18T11:33:12 CDT" time="6.183" errors="0">
  <testcase name="dateTimePicker" time="6.183" classname="miscellaneousConcept.DateTimePicker"/>
</testsuite> <!-- miscellaneousConcept.DateTimePicker -->
