<?xml version="1.0" encoding="UTF-8"?>
<!-- Generated by org.testng.reporters.JUnitReportReporter -->
<testsuite skipped="0" hostname="DESKTOP-PJ4T7BF" name="testNgDemo.AnnotationsOrder" tests="3" failures="0" timestamp="2021-10-10T22:34:41 CDT" time="0.006" errors="0">
  <testcase name="test3" time="0.001" classname="testNgDemo.AnnotationsOrder"/>
  <testcase name="test2" time="0.001" classname="testNgDemo.AnnotationsOrder"/>
  <testcase name="test1" time="0.004" classname="testNgDemo.AnnotationsOrder"/>
</testsuite> <!-- testNgDemo.AnnotationsOrder -->
