<?xml version="1.0" encoding="UTF-8"?>
<!-- Generated by org.testng.reporters.JUnitReportReporter -->
<testsuite skipped="0" hostname="DESKTOP-PJ4T7BF" name="testNgDemo.TestngPriority" tests="4" failures="0" timestamp="2021-10-10T23:07:37 CDT" time="81.963" errors="0">
  <testcase name="createLead" time="24.636" classname="testNgDemo.TestngPriority"/>
  <testcase name="mergeLead" time="14.963" classname="testNgDemo.TestngPriority"/>
  <testcase name="editLead" time="19.925" classname="testNgDemo.TestngPriority"/>
  <testcase name="deleteLead" time="22.439" classname="testNgDemo.TestngPriority"/>
</testsuite> <!-- testNgDemo.TestngPriority -->
