<?xml version="1.0" encoding="UTF-8"?>
<!-- Generated by org.testng.reporters.JUnitReportReporter -->
<testsuite skipped="0" hostname="DESKTOP-PJ4T7BF" name="wrapperTestCases.DeleteLead" tests="1" failures="0" timestamp="2020-12-07T20:08:00 CST" time="21.369" errors="0">
  <testcase name="deleteLead" time="21.369" classname="wrapperTestCases.DeleteLead"/>
</testsuite> <!-- wrapperTestCases.DeleteLead -->
