<?xml version="1.0" encoding="UTF-8"?>
<!-- Generated by org.testng.reporters.JUnitReportReporter -->
<testsuite skipped="0" hostname="DESKTOP-PJ4T7BF" name="DemoScrolling.DragDrop_Horizantal" tests="1" failures="0" timestamp="2021-05-16T17:25:07 CDT" time="3.201" errors="0">
  <testcase name="dragSliderLeft" time="3.201" classname="DemoScrolling.DragDrop_Horizantal"/>
</testsuite> <!-- DemoScrolling.DragDrop_Horizantal -->
