<?xml version="1.0" encoding="UTF-8"?>
<!-- Generated by org.testng.reporters.JUnitReportReporter -->
<testsuite skipped="0" hostname="DESKTOP-PJ4T7BF" name="learnTestNG01.TestNGAnnoWithPriority" tests="3" failures="0" timestamp="2022-01-13T22:21:12 CST" time="0.007" errors="0">
  <testcase name="test2" time="0.004" classname="learnTestNG01.TestNGAnnoWithPriority"/>
  <testcase name="test3" time="0.001" classname="learnTestNG01.TestNGAnnoWithPriority"/>
  <testcase name="test1" time="0.002" classname="learnTestNG01.TestNGAnnoWithPriority"/>
</testsuite> <!-- learnTestNG01.TestNGAnnoWithPriority -->
