<?xml version="1.0" encoding="UTF-8"?>
<!-- Generated by org.testng.reporters.JUnitReportReporter -->
<testsuite skipped="0" hostname="DESKTOP-PJ4T7BF" name="testNgDemo.CreateLead" tests="1" failures="0" timestamp="2021-10-10T22:30:40 CDT" time="27.167" errors="0">
  <testcase name="createLead" time="27.167" classname="testNgDemo.CreateLead"/>
</testsuite> <!-- testNgDemo.CreateLead -->
