<?xml version="1.0" encoding="UTF-8"?>
<!-- Generated by org.testng.reporters.JUnitReportReporter -->
<testsuite skipped="0" hostname="DESKTOP-PJ4T7BF" name="testngTestCases.DeleteLead" tests="1" failures="0" timestamp="2024-04-03T18:14:16 CDT" time="2.677" errors="1">
  <testcase name="deleteLead" time="2.677" classname="testngTestCases.DeleteLead">
    <error type="org.openqa.selenium.SessionNotCreatedException" message="session not created: This version of ChromeDriver only supports Chrome version 104
Current browser version is 122.0.6261.131 with binary path C:\Program Files\Google\Chrome\Application\chrome.exe
Build info: version: &#039;3.141.59&#039;, revision: &#039;e82be7d358&#039;, time: &#039;2018-11-14T08:17:03&#039;
System info: host: &#039;DESKTOP-PJ4T7BF&#039;, ip: &#039;192.168.1.213&#039;, os.name: &#039;Windows 10&#039;, os.arch: &#039;amd64&#039;, os.version: &#039;10.0&#039;, java.version: &#039;1.8.0_171&#039;
Driver info: driver.version: ChromeDriver
remote stacktrace: Backtrace:
	Ordinal0 [0x004578B3+2193587]
	Ordinal0 [0x003F0681+1771137]
	Ordinal0 [0x003041A8+803240]
	Ordinal0 [0x00325CC3+941251]
	Ordinal0 [0x003213EF+922607]
	Ordinal0 [0x0031EBC1+912321]
	Ordinal0 [0x003523B0+1123248]
	Ordinal0 [0x0035200A+1122314]
	Ordinal0 [0x0034D5C6+1103302]
	Ordinal0 [0x003277E0+948192]
	Ordinal0 [0x003286E6+952038]
	GetHandleVerifier [0x00700CB2+2738370]
	GetHandleVerifier [0x006F21B8+2678216]
	GetHandleVerifier [0x004E17AA+512954]
	GetHandleVerifier [0x004E0856+509030]
	Ordinal0 [0x003F743B+1799227]
	Ordinal0 [0x003FBB68+1817448]
	Ordinal0 [0x003FBC55+1817685]
	Ordinal0 [0x00405230+1856048]
	BaseThreadInitThunk [0x77437BA9+25]
	RtlInitializeExceptionChain [0x77E6BDAB+107]
	RtlClearBits [0x77E6BD2F+191]
">
      <![CDATA[org.openqa.selenium.SessionNotCreatedException: session not created: This version of ChromeDriver only supports Chrome version 104
Current browser version is 122.0.6261.131 with binary path C:\Program Files\Google\Chrome\Application\chrome.exe
Build info: version: '3.141.59', revision: 'e82be7d358', time: '2018-11-14T08:17:03'
System info: host: 'DESKTOP-PJ4T7BF', ip: '192.168.1.213', os.name: 'Windows 10', os.arch: 'amd64', os.version: '10.0', java.version: '1.8.0_171'
Driver info: driver.version: ChromeDriver
remote stacktrace: Backtrace:
Ordinal0 [0x004578B3+2193587]
Ordinal0 [0x003F0681+1771137]
Ordinal0 [0x003041A8+803240]
Ordinal0 [0x00325CC3+941251]
Ordinal0 [0x003213EF+922607]
Ordinal0 [0x0031EBC1+912321]
Ordinal0 [0x003523B0+1123248]
Ordinal0 [0x0035200A+1122314]
Ordinal0 [0x0034D5C6+1103302]
Ordinal0 [0x003277E0+948192]
Ordinal0 [0x003286E6+952038]
GetHandleVerifier [0x00700CB2+2738370]
GetHandleVerifier [0x006F21B8+2678216]
GetHandleVerifier [0x004E17AA+512954]
GetHandleVerifier [0x004E0856+509030]
Ordinal0 [0x003F743B+1799227]
Ordinal0 [0x003FBB68+1817448]
Ordinal0 [0x003FBC55+1817685]
Ordinal0 [0x00405230+1856048]
BaseThreadInitThunk [0x77437BA9+25]
RtlInitializeExceptionChain [0x77E6BDAB+107]
RtlClearBits [0x77E6BD2F+191]

at sun.reflect.NativeConstructorAccessorImpl.newInstance0(Native Method)
at sun.reflect.NativeConstructorAccessorImpl.newInstance(Unknown Source)
at sun.reflect.DelegatingConstructorAccessorImpl.newInstance(Unknown Source)
at java.lang.reflect.Constructor.newInstance(Unknown Source)
at org.openqa.selenium.remote.W3CHandshakeResponse.lambda$errorHandler$0(W3CHandshakeResponse.java:62)
at org.openqa.selenium.remote.HandshakeResponse.lambda$getResponseFunction$0(HandshakeResponse.java:30)
at org.openqa.selenium.remote.ProtocolHandshake.lambda$createSession$0(ProtocolHandshake.java:126)
at java.util.stream.ReferencePipeline$3$1.accept(Unknown Source)
at java.util.Spliterators$ArraySpliterator.tryAdvance(Unknown Source)
at java.util.stream.ReferencePipeline.forEachWithCancel(Unknown Source)
at java.util.stream.AbstractPipeline.copyIntoWithCancel(Unknown Source)
at java.util.stream.AbstractPipeline.copyInto(Unknown Source)
at java.util.stream.AbstractPipeline.wrapAndCopyInto(Unknown Source)
at java.util.stream.FindOps$FindOp.evaluateSequential(Unknown Source)
at java.util.stream.AbstractPipeline.evaluate(Unknown Source)
at java.util.stream.ReferencePipeline.findFirst(Unknown Source)
at org.openqa.selenium.remote.ProtocolHandshake.createSession(ProtocolHandshake.java:128)
at org.openqa.selenium.remote.ProtocolHandshake.createSession(ProtocolHandshake.java:74)
at org.openqa.selenium.remote.HttpCommandExecutor.execute(HttpCommandExecutor.java:136)
at org.openqa.selenium.remote.service.DriverCommandExecutor.execute(DriverCommandExecutor.java:83)
at org.openqa.selenium.remote.RemoteWebDriver.execute(RemoteWebDriver.java:552)
at org.openqa.selenium.remote.RemoteWebDriver.startSession(RemoteWebDriver.java:213)
at org.openqa.selenium.remote.RemoteWebDriver.<init>(RemoteWebDriver.java:131)
at org.openqa.selenium.chrome.ChromeDriver.<init>(ChromeDriver.java:181)
at org.openqa.selenium.chrome.ChromeDriver.<init>(ChromeDriver.java:168)
at org.openqa.selenium.chrome.ChromeDriver.<init>(ChromeDriver.java:123)
at testngTestCases.DeleteLead.deleteLead(DeleteLead.java:16)
at sun.reflect.NativeMethodAccessorImpl.invoke0(Native Method)
at sun.reflect.NativeMethodAccessorImpl.invoke(Unknown Source)
at sun.reflect.DelegatingMethodAccessorImpl.invoke(Unknown Source)
at java.lang.reflect.Method.invoke(Unknown Source)
at org.testng.internal.MethodInvocationHelper.invokeMethod(MethodInvocationHelper.java:133)
at org.testng.internal.TestInvoker.invokeMethod(TestInvoker.java:598)
at org.testng.internal.TestInvoker.invokeTestMethod(TestInvoker.java:173)
at org.testng.internal.MethodRunner.runInSequence(MethodRunner.java:46)
at org.testng.internal.TestInvoker$MethodInvocationAgent.invoke(TestInvoker.java:824)
at org.testng.internal.TestInvoker.invokeTestMethods(TestInvoker.java:146)
at org.testng.internal.TestMethodWorker.invokeTestMethods(TestMethodWorker.java:146)
at org.testng.internal.TestMethodWorker.run(TestMethodWorker.java:128)
at java.util.concurrent.ThreadPoolExecutor.runWorker(Unknown Source)
at java.util.concurrent.ThreadPoolExecutor$Worker.run(Unknown Source)
at java.lang.Thread.run(Unknown Source)
]]>
    </error>
  </testcase> <!-- deleteLead -->
  <system-out/>
</testsuite> <!-- testngTestCases.DeleteLead -->
