<?xml version="1.0" encoding="UTF-8"?>
<!-- Generated by org.testng.reporters.JUnitReportReporter -->
<testsuite skipped="0" hostname="DESKTOP-PJ4T7BF" name="tc_ConnectInheritanceConcept.DeleteLead" tests="1" failures="0" timestamp="2022-10-18T22:42:55 CDT" time="28.992" errors="0">
  <testcase name="deleteLead" time="28.992" classname="tc_ConnectInheritanceConcept.DeleteLead"/>
</testsuite> <!-- tc_ConnectInheritanceConcept.DeleteLead -->
