<?xml version="1.0" encoding="UTF-8"?>
<!-- Generated by org.testng.reporters.JUnitReportReporter -->
<testsuite skipped="0" hostname="DESKTOP-PJ4T7BF" name="learnTestng.EditLead" tests="1" failures="0" timestamp="2020-12-01T00:20:57 CST" time="33.044" errors="0">
  <testcase name="editLead" time="33.044" classname="learnTestng.EditLead"/>
</testsuite> <!-- learnTestng.EditLead -->
