<?xml version="1.0" encoding="UTF-8"?>
<!-- Generated by org.testng.reporters.JUnitReportReporter -->
<testsuite skipped="1" hostname="DESKTOP-PJ4T7BF" name="testngTestCases.CreateLead" tests="2" failures="0" timestamp="2024-04-03T18:14:16 CDT" time="-1712186112.000" errors="1">
  <testcase name="login" time="-1712186112.000" classname="testngTestCases.CreateLead">
    <error type="org.testng.TestNGException" message="
Parameter &#039;url&#039; is required by BeforeMethod on method login but has not been marked @Optional or defined
in C:\Users\mamun\git\repository\SeleniumTraining\testngParallel.xml">
      <![CDATA[org.testng.TestNGException: 
Parameter 'url' is required by BeforeMethod on method login but has not been marked @Optional or defined
in C:\Users\mamun\git\repository\SeleniumTraining\testngParallel.xml
at org.testng.internal.Parameters.createParams(Parameters.java:270)
at org.testng.internal.Parameters.createParametersForMethod(Parameters.java:358)
at org.testng.internal.Parameters.createParameters(Parameters.java:700)
at org.testng.internal.Parameters.createConfigurationParameters(Parameters.java:168)
at org.testng.internal.ConfigInvoker.invokeConfigurations(ConfigInvoker.java:302)
at org.testng.internal.TestInvoker.runConfigMethods(TestInvoker.java:700)
at org.testng.internal.TestInvoker.invokeMethod(TestInvoker.java:527)
at org.testng.internal.TestInvoker.invokeTestMethod(TestInvoker.java:173)
at org.testng.internal.MethodRunner.runInSequence(MethodRunner.java:46)
at org.testng.internal.TestInvoker$MethodInvocationAgent.invoke(TestInvoker.java:824)
at org.testng.internal.TestInvoker.invokeTestMethods(TestInvoker.java:146)
at org.testng.internal.TestMethodWorker.invokeTestMethods(TestMethodWorker.java:146)
at org.testng.internal.TestMethodWorker.run(TestMethodWorker.java:128)
at java.util.concurrent.ThreadPoolExecutor.runWorker(Unknown Source)
at java.util.concurrent.ThreadPoolExecutor$Worker.run(Unknown Source)
at java.lang.Thread.run(Unknown Source)
]]>
    </error>
  </testcase> <!-- login -->
  <system-out/>
  <testcase name="createLead" time="0.000" classname="testngTestCases.CreateLead">
    <skipped/>
  </testcase> <!-- createLead -->
  <system-out/>
</testsuite> <!-- testngTestCases.CreateLead -->
