<?xml version="1.0" encoding="UTF-8"?>
<!-- Generated by org.testng.reporters.JUnitReportReporter -->
<testsuite skipped="0" hostname="DESKTOP-PJ4T7BF" name="testCases_InheritanceForCon.CreateLead" tests="1" failures="0" timestamp="2021-04-17T15:52:40 CDT" time="30.117" errors="0">
  <testcase name="createLead" time="30.117" classname="testCases_InheritanceForCon.CreateLead"/>
</testsuite> <!-- testCases_InheritanceForCon.CreateLead -->
