<?xml version="1.0" encoding="UTF-8"?>
<!-- Generated by org.testng.reporters.JUnitReportReporter -->
<testsuite skipped="0" hostname="DESKTOP-PJ4T7BF" name="testCases_InheritanceForCon.EditLead" tests="1" failures="0" timestamp="2021-04-17T15:52:40 CDT" time="39.417" errors="0">
  <testcase name="editLead" time="39.417" classname="testCases_InheritanceForCon.EditLead"/>
</testsuite> <!-- testCases_InheritanceForCon.EditLead -->
