<?xml version="1.0" encoding="UTF-8"?>
<!-- Generated by org.testng.reporters.JUnitReportReporter -->
<testsuite skipped="0" hostname="DESKTOP-PJ4T7BF" name="integrateDataProWExcel.DataProvider_CreateLead" tests="4" failures="0" timestamp="2021-10-31T22:31:03 CDT" time="95.836" errors="0">
  <testcase name="createLead" time="23.028" classname="integrateDataProWExcel.DataProvider_CreateLead"/>
  <testcase name="createLead" time="22.200" classname="integrateDataProWExcel.DataProvider_CreateLead"/>
  <testcase name="createLead" time="27.211" classname="integrateDataProWExcel.DataProvider_CreateLead"/>
  <testcase name="createLead" time="23.397" classname="integrateDataProWExcel.DataProvider_CreateLead"/>
</testsuite> <!-- integrateDataProWExcel.DataProvider_CreateLead -->
