<?xml version="1.0" encoding="UTF-8"?>
<!-- Generated by org.testng.reporters.JUnitReportReporter -->
<testsuite skipped="0" hostname="DESKTOP-PJ4T7BF" name="takeSnapshots.TakeScreenshots" tests="1" failures="0" timestamp="2022-11-01T22:55:43 CDT" time="18.402" errors="0">
  <testcase name="createLead" time="18.402" classname="takeSnapshots.TakeScreenshots"/>
</testsuite> <!-- takeSnapshots.TakeScreenshots -->
