<?xml version="1.0" encoding="UTF-8"?>
<!-- Generated by org.testng.reporters.JUnitReportReporter -->
<testsuite skipped="0" hostname="DESKTOP-PJ4T7BF" name="integrateDataProWExcel.DataProvider_CreateLead" tests="4" failures="0" timestamp="2024-02-10T11:23:42 CST" time="111.827" errors="0">
  <testcase name="createLead" time="29.480" classname="integrateDataProWExcel.DataProvider_CreateLead"/>
  <system-out/>
  <testcase name="createLead" time="28.158" classname="integrateDataProWExcel.DataProvider_CreateLead"/>
  <system-out/>
  <testcase name="createLead" time="25.834" classname="integrateDataProWExcel.DataProvider_CreateLead"/>
  <system-out/>
  <testcase name="createLead" time="28.355" classname="integrateDataProWExcel.DataProvider_CreateLead"/>
  <system-out/>
</testsuite> <!-- integrateDataProWExcel.DataProvider_CreateLead -->
