<?xml version="1.0" encoding="UTF-8"?>
<!-- Generated by org.testng.reporters.JUnitReportReporter -->
<testsuite skipped="0" hostname="DESKTOP-PJ4T7BF" name="takeSnapshots.CaptureScreenshot" tests="1" failures="0" timestamp="2022-11-01T20:37:42 CDT" time="8.460" errors="0">
  <testcase name="captureScreenshot" time="8.460" classname="takeSnapshots.CaptureScreenshot"/>
</testsuite> <!-- takeSnapshots.CaptureScreenshot -->
