<?xml version="1.0" encoding="UTF-8"?>
<!-- Generated by org.testng.reporters.JUnitReportReporter -->
<testsuite skipped="0" hostname="DESKTOP-PJ4T7BF" name="learnTestng.MergeLead" tests="1" failures="0" timestamp="2020-12-01T00:49:05 CST" time="41.887" errors="0">
  <testcase name="mergeLead" time="41.887" classname="learnTestng.MergeLead"/>
</testsuite> <!-- learnTestng.MergeLead -->
