<?xml version="1.0" encoding="UTF-8"?>
<!-- Generated by org.testng.reporters.JUnitReportReporter -->
<testsuite skipped="0" hostname="DESKTOP-PJ4T7BF" name="assigenment.ScrollRightToLeft" tests="2" failures="0" timestamp="2021-05-16T17:50:31 CDT" time="19.250" errors="0">
  <testcase name="dragLeft" time="12.583" classname="assigenment.ScrollRightToLeft"/>
  <testcase name="dragRight" time="6.667" classname="assigenment.ScrollRightToLeft"/>
</testsuite> <!-- assigenment.ScrollRightToLeft -->
