<?xml version="1.0" encoding="UTF-8"?>
<!-- Generated by org.testng.reporters.JUnitReportReporter -->
<testsuite skipped="0" hostname="DESKTOP-PJ4T7BF" name="takeSnapshots.CaptureScreenshot" tests="1" failures="0" timestamp="2021-11-01T13:41:15 CDT" time="9.389" errors="0">
  <testcase name="captureScreenshot" time="9.389" classname="takeSnapshots.CaptureScreenshot"/>
</testsuite> <!-- takeSnapshots.CaptureScreenshot -->
