<?xml version="1.0" encoding="UTF-8"?>
<!-- Generated by org.testng.reporters.JUnitReportReporter -->
<testsuite skipped="0" hostname="DESKTOP-PJ4T7BF" name="learnTestNG01.TestNGAnnotations" tests="3" failures="0" timestamp="2021-04-04T00:17:42 CDT" time="0.006" errors="0">
  <testcase name="test2" time="0.003" classname="learnTestNG01.TestNGAnnotations"/>
  <testcase name="test3" time="0.001" classname="learnTestNG01.TestNGAnnotations"/>
  <testcase name="test1" time="0.002" classname="learnTestNG01.TestNGAnnotations"/>
</testsuite> <!-- learnTestNG01.TestNGAnnotations -->
