<?xml version="1.0" encoding="UTF-8"?>
<!-- Generated by org.testng.reporters.JUnitReportReporter -->
<testsuite skipped="0" hostname="DESKTOP-PJ4T7BF" name="testngTestCases.EditLead" tests="1" failures="0" timestamp="2022-01-18T22:14:46 CST" time="32.444" errors="0">
  <testcase name="editLead" time="32.444" classname="testngTestCases.EditLead"/>
</testsuite> <!-- testngTestCases.EditLead -->
