<?xml version="1.0" encoding="UTF-8"?>
<!-- Generated by org.testng.reporters.JUnitReportReporter -->
<testsuite skipped="0" hostname="DESKTOP-PJ4T7BF" name="tc_ConnectInheritanceConcept.CreateLead" tests="1" failures="0" timestamp="2022-10-18T22:42:55 CDT" time="34.683" errors="0">
  <testcase name="createLead" time="34.683" classname="tc_ConnectInheritanceConcept.CreateLead"/>
</testsuite> <!-- tc_ConnectInheritanceConcept.CreateLead -->
