<?xml version="1.0" encoding="UTF-8"?>
<!-- Generated by org.testng.reporters.JUnitReportReporter -->
<testsuite skipped="0" hostname="DESKTOP-PJ4T7BF" name="learnTestNG01.DeleteLead" tests="1" failures="0" timestamp="2022-10-18T23:38:42 CDT" time="33.675" errors="0">
  <testcase name="deleteLead" time="33.675" classname="learnTestNG01.DeleteLead"/>
</testsuite> <!-- learnTestNG01.DeleteLead -->
