<?xml version="1.0" encoding="UTF-8"?>
<!-- Generated by org.testng.reporters.JUnitReportReporter -->
<testsuite skipped="0" hostname="DESKTOP-PJ4T7BF" name="learnTestNG01.EditLead" tests="1" failures="0" timestamp="2022-10-18T23:38:42 CDT" time="38.269" errors="0">
  <testcase name="editLead" time="38.269" classname="learnTestNG01.EditLead"/>
</testsuite> <!-- learnTestNG01.EditLead -->
