<?xml version="1.0" encoding="UTF-8"?>
<!-- Generated by org.testng.reporters.JUnitReportReporter -->
<testsuite skipped="0" hostname="DESKTOP-PJ4T7BF" name="steps.TestRunner" tests="5" failures="0" timestamp="2022-03-05T22:26:05 CST" time="86.904" errors="0">
  <testcase name="runScenario" time="6.758" classname="steps.TestRunner"/>
  <testcase name="runScenario" time="4.776" classname="steps.TestRunner"/>
  <testcase name="runScenario" time="21.577" classname="steps.TestRunner"/>
  <testcase name="runScenario" time="24.655" classname="steps.TestRunner"/>
  <testcase name="runScenario" time="29.138" classname="steps.TestRunner"/>
</testsuite> <!-- steps.TestRunner -->
