<?xml version="1.0" encoding="UTF-8"?>
<!-- Generated by org.testng.reporters.JUnitReportReporter -->
<testsuite skipped="0" hostname="DESKTOP-PJ4T7BF" name="c_26C_StartingPointOfFramework.TC001_CreatLead" tests="1" failures="0" timestamp="2024-02-23T09:49:50 CST" time="34.073" errors="0">
  <testcase name="creatLead" time="34.073" classname="c_26C_StartingPointOfFramework.TC001_CreatLead"/>
  <system-out/>
</testsuite> <!-- c_26C_StartingPointOfFramework.TC001_CreatLead -->
