<?xml version="1.0" encoding="UTF-8"?>
<!-- Generated by org.testng.reporters.JUnitReportReporter -->
<testsuite skipped="0" hostname="DESKTOP-PJ4T7BF" name="com.testleaf.testcasePara.TCexecutionPara" tests="1" failures="0" timestamp="2024-03-16T12:21:29 CDT" time="30.086" errors="0">
  <testcase name="verifyLogout" time="30.086" classname="com.testleaf.testcasePara.TCexecutionPara"/>
  <system-out/>
</testsuite> <!-- com.testleaf.testcasePara.TCexecutionPara -->
