<?xml version="1.0" encoding="UTF-8"?>
<!-- Generated by org.testng.reporters.JUnitReportReporter -->
<testsuite skipped="0" hostname="DESKTOP-PJ4T7BF" name="testNgDemo.BeforeAndAfterMethod" tests="1" failures="0" timestamp="2022-03-09T20:36:33 CST" time="45.026" errors="0">
  <testcase name="createLead" time="45.026" classname="testNgDemo.BeforeAndAfterMethod"/>
</testsuite> <!-- testNgDemo.BeforeAndAfterMethod -->
