<?xml version="1.0" encoding="UTF-8"?>
<!-- Generated by org.testng.reporters.JUnitReportReporter -->
<testsuite skipped="0" hostname="DESKTOP-PJ4T7BF" name="learnTestng.AnnotationsOrder" tests="3" failures="0" timestamp="2020-12-01T00:09:41 CST" time="0.007" errors="0">
  <testcase name="test1" time="0.005" classname="learnTestng.AnnotationsOrder"/>
  <testcase name="test3" time="0.001" classname="learnTestng.AnnotationsOrder"/>
  <testcase name="test2" time="0.001" classname="learnTestng.AnnotationsOrder"/>
</testsuite> <!-- learnTestng.AnnotationsOrder -->
