<?xml version="1.0" encoding="UTF-8"?>
<!-- Generated by org.testng.reporters.JUnitReportReporter -->
<testsuite skipped="0" hostname="DESKTOP-PJ4T7BF" name="integrateDataProWExcel.DataProvider_CreateLead" tests="4" failures="0" timestamp="2022-11-05T09:20:31 CDT" time="83.261" errors="0">
  <testcase name="createLead" time="18.754" classname="integrateDataProWExcel.DataProvider_CreateLead"/>
  <testcase name="createLead" time="18.911" classname="integrateDataProWExcel.DataProvider_CreateLead"/>
  <testcase name="createLead" time="22.045" classname="integrateDataProWExcel.DataProvider_CreateLead"/>
  <testcase name="createLead" time="23.551" classname="integrateDataProWExcel.DataProvider_CreateLead"/>
</testsuite> <!-- integrateDataProWExcel.DataProvider_CreateLead -->
