<?xml version="1.0" encoding="UTF-8"?>
<!-- Generated by org.testng.reporters.JUnitReportReporter -->
<testsuite skipped="0" hostname="DESKTOP-PJ4T7BF" name="tc_ConnectInheritanceConcept.EditLead" tests="1" failures="0" timestamp="2022-10-18T22:42:55 CDT" time="52.214" errors="0">
  <testcase name="editLead" time="52.214" classname="tc_ConnectInheritanceConcept.EditLead"/>
</testsuite> <!-- tc_ConnectInheritanceConcept.EditLead -->
