<?xml version="1.0" encoding="UTF-8"?>
<!-- Generated by org.testng.reporters.JUnitReportReporter -->
<testsuite skipped="0" hostname="DESKTOP-PJ4T7BF" name="learnParameters.Parameters_CreateLead" tests="1" failures="0" timestamp="2021-10-24T22:27:04 CDT" time="25.579" errors="0">
  <testcase name="createLead" time="25.579" classname="learnParameters.Parameters_CreateLead"/>
</testsuite> <!-- learnParameters.Parameters_CreateLead -->
