<?xml version="1.0" encoding="UTF-8"?>
<!-- Generated by org.testng.reporters.JUnitReportReporter -->
<testsuite skipped="0" hostname="DESKTOP-PJ4T7BF" name="learnTestNGParameters.Parameters_CreateLead" tests="1" failures="0" timestamp="2022-11-01T22:24:32 CDT" time="22.295" errors="0">
  <testcase name="createLead" time="22.295" classname="learnTestNGParameters.Parameters_CreateLead"/>
</testsuite> <!-- learnTestNGParameters.Parameters_CreateLead -->
