<?xml version="1.0" encoding="UTF-8"?>
<!-- Generated by org.testng.reporters.JUnitReportReporter -->
<testsuite skipped="0" hostname="DESKTOP-PJ4T7BF" name="DemoScrolling.ScrollIntoView$TestScroll" tests="1" failures="0" timestamp="2021-05-16T13:48:36 CDT" time="2.362" errors="0">
  <testcase name="scrollIntoView" time="2.362" classname="DemoScrolling.ScrollIntoView$TestScroll"/>
</testsuite> <!-- DemoScrolling.ScrollIntoView$TestScroll -->
