<?xml version="1.0" encoding="UTF-8"?>
<!-- Generated by org.testng.reporters.JUnitReportReporter -->
<testsuite skipped="0" hostname="DESKTOP-PJ4T7BF" name="takeSnapshots.TakeScreenshots" tests="1" failures="0" timestamp="2024-02-10T10:25:29 CST" time="19.874" errors="0">
  <testcase name="createLead" time="19.874" classname="takeSnapshots.TakeScreenshots"/>
  <system-out/>
</testsuite> <!-- takeSnapshots.TakeScreenshots -->
