<?xml version="1.0" encoding="UTF-8"?>
<!-- Generated by org.testng.reporters.JUnitReportReporter -->
<testsuite skipped="0" hostname="DESKTOP-PJ4T7BF" name="tc_ConnectInheritanceConcept.EditLead" tests="1" failures="0" timestamp="2021-10-23T11:13:08 CDT" time="36.416" errors="0">
  <testcase name="editLead" time="36.416" classname="tc_ConnectInheritanceConcept.EditLead"/>
</testsuite> <!-- tc_ConnectInheritanceConcept.EditLead -->
