<?xml version="1.0" encoding="UTF-8"?>
<!-- Generated by org.testng.reporters.JUnitReportReporter -->
<testsuite skipped="0" hostname="DESKTOP-PJ4T7BF" name="statrtingPointOfFramework.TC001_Login" tests="1" failures="0" timestamp="2021-11-07T23:14:58 CST" time="32.802" errors="0">
  <testcase name="login" time="32.802" classname="statrtingPointOfFramework.TC001_Login"/>
</testsuite> <!-- statrtingPointOfFramework.TC001_Login -->
