<?xml version="1.0" encoding="UTF-8"?>
<!-- Generated by org.testng.reporters.JUnitReportReporter -->
<testsuite skipped="0" hostname="DESKTOP-PJ4T7BF" name="testCases_InheritanceForCon.DeleteLead" tests="1" failures="0" timestamp="2021-04-17T15:52:40 CDT" time="24.659" errors="0">
  <testcase name="deleteLead" time="24.659" classname="testCases_InheritanceForCon.DeleteLead"/>
</testsuite> <!-- testCases_InheritanceForCon.DeleteLead -->
