<?xml version="1.0" encoding="UTF-8"?>
<!-- Generated by org.testng.reporters.JUnitReportReporter -->
<testsuite skipped="0" hostname="DESKTOP-PJ4T7BF" name="tc_ConnectInheritanceConcept.DeleteLead" tests="1" failures="0" timestamp="2024-04-04T16:42:49 CDT" time="29.297" errors="0">
  <testcase name="deleteLead" time="29.297" classname="tc_ConnectInheritanceConcept.DeleteLead"/>
  <system-out/>
</testsuite> <!-- tc_ConnectInheritanceConcept.DeleteLead -->
