<?xml version="1.0" encoding="UTF-8"?>
<!-- Generated by org.testng.reporters.JUnitReportReporter -->
<testsuite skipped="0" hostname="DESKTOP-PJ4T7BF" name="startingPointOfFramework.TC001_CreatLead" tests="1" failures="0" timestamp="2023-03-26T12:44:04 CDT" time="7.343" errors="0">
  <testcase name="creatLead" time="7.343" classname="startingPointOfFramework.TC001_CreatLead"/>
  <system-out/>
</testsuite> <!-- startingPointOfFramework.TC001_CreatLead -->
