<?xml version="1.0" encoding="UTF-8"?>
<!-- Generated by org.testng.reporters.JUnitReportReporter -->
<testsuite skipped="0" hostname="DESKTOP-PJ4T7BF" name="tc_ConnectInheritanceConcept.CreateLead" tests="1" failures="0" timestamp="2021-10-23T11:13:08 CDT" time="30.192" errors="0">
  <testcase name="createLead" time="30.192" classname="tc_ConnectInheritanceConcept.CreateLead"/>
</testsuite> <!-- tc_ConnectInheritanceConcept.CreateLead -->
