<?xml version="1.0" encoding="UTF-8"?>
<!-- Generated by org.testng.reporters.JUnitReportReporter -->
<testsuite skipped="0" hostname="DESKTOP-PJ4T7BF" name="learnTestNG.TestNGPriority" tests="3" failures="0" timestamp="2023-03-04T22:51:28 CST" time="51.990" errors="0">
  <testcase name="createLead" time="22.069" classname="learnTestNG.TestNGPriority"/>
  <system-out/>
  <testcase name="editLead" time="14.590" classname="learnTestNG.TestNGPriority"/>
  <system-out/>
  <testcase name="deleteLead" time="15.331" classname="learnTestNG.TestNGPriority"/>
  <system-out/>
</testsuite> <!-- learnTestNG.TestNGPriority -->
