<?xml version="1.0" encoding="UTF-8"?>
<!-- Generated by org.testng.reporters.JUnitReportReporter -->
<testsuite skipped="0" hostname="DESKTOP-PJ4T7BF" name="statrtingPointOfFramework.TC001_Login" tests="1" failures="0" timestamp="2022-02-10T21:13:43 CST" time="38.238" errors="0">
  <testcase name="login" time="38.238" classname="statrtingPointOfFramework.TC001_Login"/>
</testsuite> <!-- statrtingPointOfFramework.TC001_Login -->
