<?xml version="1.0" encoding="UTF-8"?>
<!-- Generated by org.testng.reporters.JUnitReportReporter -->
<testsuite skipped="0" hostname="DESKTOP-PJ4T7BF" name="learnTestNG01.CreateLead" tests="1" failures="0" timestamp="2022-10-18T23:38:42 CDT" time="35.563" errors="0">
  <testcase name="createLead" time="35.563" classname="learnTestNG01.CreateLead"/>
</testsuite> <!-- learnTestNG01.CreateLead -->
