<?xml version="1.0" encoding="UTF-8"?>
<!-- Generated by org.testng.reporters.JUnitReportReporter -->
<testsuite skipped="0" hostname="DESKTOP-PJ4T7BF" name="learnTestNG.CreateLead" tests="1" failures="0" timestamp="2023-02-26T12:28:46 CST" time="24.981" errors="0">
  <testcase name="creatLead" time="24.981" classname="learnTestNG.CreateLead"/>
  <system-out/>
</testsuite> <!-- learnTestNG.CreateLead -->
