<?xml version="1.0" encoding="UTF-8"?>
<!-- Generated by org.testng.reporters.JUnitReportReporter -->
<testsuite skipped="0" hostname="DESKTOP-PJ4T7BF" name="wrapperTestCases.CreateLead" tests="1" failures="0" timestamp="2020-12-07T20:06:10 CST" time="33.509" errors="0">
  <testcase name="createLead" time="33.509" classname="wrapperTestCases.CreateLead"/>
</testsuite> <!-- wrapperTestCases.CreateLead -->
