<?xml version="1.0" encoding="UTF-8"?>
<!-- Generated by org.testng.reporters.JUnitReportReporter -->
<testsuite skipped="0" hostname="DESKTOP-PJ4T7BF" name="learnTestng.CreateLead" tests="1" failures="0" timestamp="2021-06-26T13:20:09 CDT" time="37.386" errors="0">
  <testcase name="createLead" time="37.386" classname="learnTestng.CreateLead"/>
</testsuite> <!-- learnTestng.CreateLead -->
