<?xml version="1.0" encoding="UTF-8"?>
<!-- Generated by org.testng.reporters.JUnitReportReporter -->
<testsuite skipped="0" hostname="DESKTOP-PJ4T7BF" name="javaDemo.TagName" tests="1" failures="0" timestamp="2021-01-04T20:47:08 CST" time="11.749" errors="0">
  <testcase name="tagName" time="11.749" classname="javaDemo.TagName"/>
</testsuite> <!-- javaDemo.TagName -->
