<?xml version="1.0" encoding="UTF-8"?>
<!-- Generated by org.testng.reporters.JUnitReportReporter -->
<testsuite skipped="1" hostname="DESKTOP-PJ4T7BF" name="testngTestCases.CreateLead" tests="2" failures="0" timestamp="2021-10-23T11:11:39 CDT" time="-1635005440.000" errors="1">
  <testcase name="createLead" time="0.000" classname="testngTestCases.CreateLead">
    <skipped/>
  </testcase> <!-- createLead -->
  <testcase name="login" time="-1635005440.000" classname="testngTestCases.CreateLead">
    <error type="org.testng.TestNGException" message="
Parameter &#039;url&#039; is required by BeforeMethod on method login but has not been marked @Optional or defined
in C:\Users\mamun\eclipse-workspace\SeleniumTraining\testngParallel01.xml">
      <![CDATA[org.testng.TestNGException: 
Parameter 'url' is required by BeforeMethod on method login but has not been marked @Optional or defined
in C:\Users\mamun\eclipse-workspace\SeleniumTraining\testngParallel01.xml
at org.testng.internal.Parameters.createParams(Parameters.java:289)
at org.testng.internal.Parameters.createParametersForMethod(Parameters.java:377)
at org.testng.internal.Parameters.createParameters(Parameters.java:721)
at org.testng.internal.Parameters.createConfigurationParameters(Parameters.java:164)
at org.testng.internal.ConfigInvoker.invokeConfigurations(ConfigInvoker.java:275)
at org.testng.internal.TestInvoker.runConfigMethods(TestInvoker.java:683)
at org.testng.internal.TestInvoker.invokeMethod(TestInvoker.java:510)
at org.testng.internal.TestInvoker.invokeTestMethod(TestInvoker.java:172)
at org.testng.internal.MethodRunner.runInSequence(MethodRunner.java:46)
at org.testng.internal.TestInvoker$MethodInvocationAgent.invoke(TestInvoker.java:804)
at org.testng.internal.TestInvoker.invokeTestMethods(TestInvoker.java:145)
at org.testng.internal.TestMethodWorker.invokeTestMethods(TestMethodWorker.java:146)
at org.testng.internal.TestMethodWorker.run(TestMethodWorker.java:128)
at java.util.concurrent.ThreadPoolExecutor.runWorker(Unknown Source)
at java.util.concurrent.ThreadPoolExecutor$Worker.run(Unknown Source)
at java.lang.Thread.run(Unknown Source)
]]>
    </error>
  </testcase> <!-- login -->
</testsuite> <!-- testngTestCases.CreateLead -->
