<?xml version="1.0" encoding="UTF-8"?>
<!-- Generated by org.testng.reporters.JUnitReportReporter -->
<testsuite skipped="0" hostname="DESKTOP-PJ4T7BF" name="practice.UKFlooringSale" tests="1" failures="0" timestamp="2021-01-28T16:43:25 CST" time="171.484" errors="0">
  <testcase name="flooringSale" time="171.484" classname="practice.UKFlooringSale"/>
</testsuite> <!-- practice.UKFlooringSale -->
