<?xml version="1.0" encoding="UTF-8"?>
<!-- Generated by org.testng.reporters.JUnitReportReporter -->
<testsuite skipped="0" hostname="DESKTOP-PJ4T7BF" name="tc_ConnectInheritanceConcept.DeleteLead" tests="1" failures="0" timestamp="2021-10-23T11:13:08 CDT" time="21.840" errors="0">
  <testcase name="deleteLead" time="21.840" classname="tc_ConnectInheritanceConcept.DeleteLead"/>
</testsuite> <!-- tc_ConnectInheritanceConcept.DeleteLead -->
