<?xml version="1.0" encoding="UTF-8"?>
<!-- Generated by org.testng.reporters.JUnitReportReporter -->
<testsuite skipped="0" hostname="DESKTOP-PJ4T7BF" name="multiBrowserInSelenium.webDriverManager" tests="1" failures="0" timestamp="2024-01-27T12:10:01 CST" time="7.895" errors="0">
  <testcase name="test" time="7.895" classname="multiBrowserInSelenium.webDriverManager"/>
  <system-out/>
</testsuite> <!-- multiBrowserInSelenium.webDriverManager -->
