<?xml version="1.0" encoding="UTF-8"?>
<!-- Generated by org.testng.reporters.JUnitReportReporter -->
<testsuite skipped="0" hostname="DESKTOP-PJ4T7BF" name="learnTestNG.DeleteLead" tests="1" failures="0" timestamp="2023-02-26T12:34:04 CST" time="27.044" errors="0">
  <testcase name="editLead" time="27.044" classname="learnTestNG.DeleteLead"/>
  <system-out/>
</testsuite> <!-- learnTestNG.DeleteLead -->
