<?xml version="1.0" encoding="UTF-8"?>
<!-- Generated by org.testng.reporters.JUnitReportReporter -->
<testsuite skipped="0" hostname="DESKTOP-PJ4T7BF" name="learnTestNG01.EditLead" tests="1" failures="0" timestamp="2023-02-26T09:57:27 CST" time="27.569" errors="0">
  <testcase name="editLead" time="27.569" classname="learnTestNG01.EditLead"/>
  <system-out/>
</testsuite> <!-- learnTestNG01.EditLead -->
