<?xml version="1.0" encoding="UTF-8"?>
<!-- Generated by org.testng.reporters.JUnitReportReporter -->
<testsuite skipped="0" hostname="DESKTOP-PJ4T7BF" name="learnTestNG.EditLead" tests="1" failures="0" timestamp="2023-02-26T12:31:36 CST" time="31.438" errors="0">
  <testcase name="editLead" time="31.438" classname="learnTestNG.EditLead"/>
  <system-out/>
</testsuite> <!-- learnTestNG.EditLead -->
