<?xml version="1.0" encoding="UTF-8"?>
<!-- Generated by org.testng.reporters.JUnitReportReporter -->
<testsuite skipped="0" hostname="DESKTOP-PJ4T7BF" name="wrapperTestCases.EditLead" tests="1" failures="0" timestamp="2020-12-07T20:07:27 CST" time="35.915" errors="0">
  <testcase name="editLead" time="35.915" classname="wrapperTestCases.EditLead"/>
</testsuite> <!-- wrapperTestCases.EditLead -->
