<?xml version="1.0" encoding="UTF-8"?>
<!-- Generated by org.testng.reporters.JUnitReportReporter -->
<testsuite skipped="0" hostname="DESKTOP-PJ4T7BF" name="steps.TestRunner" tests="7" failures="0" timestamp="2024-03-03T00:35:45 CST" time="267.541" errors="0">
  <testcase name="runScenario" time="63.758" classname="steps.TestRunner"/>
  <system-out/>
  <testcase name="runScenario" time="10.407" classname="steps.TestRunner"/>
  <system-out/>
  <testcase name="runScenario" time="11.097" classname="steps.TestRunner"/>
  <system-out/>
  <testcase name="runScenario" time="19.169" classname="steps.TestRunner"/>
  <system-out/>
  <testcase name="runScenario" time="62.600" classname="steps.TestRunner"/>
  <system-out/>
  <testcase name="runScenario" time="88.931" classname="steps.TestRunner"/>
  <system-out/>
  <testcase name="runScenario" time="11.579" classname="steps.TestRunner"/>
  <system-out/>
</testsuite> <!-- steps.TestRunner -->
