<?xml version="1.0" encoding="UTF-8"?>
<!-- Generated by org.testng.reporters.JUnitReportReporter -->
<testsuite skipped="0" hostname="DESKTOP-PJ4T7BF" name="learnDataProvider_Parameterization.DataProvider_CreateLead" tests="3" failures="0" timestamp="2022-11-03T22:05:41 CDT" time="65.596" errors="0">
  <testcase name="createLead" time="27.382" classname="learnDataProvider_Parameterization.DataProvider_CreateLead"/>
  <testcase name="createLead" time="19.332" classname="learnDataProvider_Parameterization.DataProvider_CreateLead"/>
  <testcase name="createLead" time="18.882" classname="learnDataProvider_Parameterization.DataProvider_CreateLead"/>
</testsuite> <!-- learnDataProvider_Parameterization.DataProvider_CreateLead -->
