<?xml version="1.0" encoding="UTF-8"?>
<!-- Generated by org.testng.reporters.JUnitReportReporter -->
<testsuite skipped="0" hostname="DESKTOP-PJ4T7BF" name="testCasesParameterization.ParametersCreateLead" tests="4" failures="0" timestamp="2020-12-22T22:33:35 CST" time="120.852" errors="0">
  <testcase name="createLead" time="33.167" classname="testCasesParameterization.ParametersCreateLead"/>
  <testcase name="createLead" time="26.935" classname="testCasesParameterization.ParametersCreateLead"/>
  <testcase name="createLead" time="31.397" classname="testCasesParameterization.ParametersCreateLead"/>
  <testcase name="createLead" time="29.353" classname="testCasesParameterization.ParametersCreateLead"/>
</testsuite> <!-- testCasesParameterization.ParametersCreateLead -->
