<?xml version="1.0" encoding="UTF-8"?>
<!-- Generated by org.testng.reporters.JUnitReportReporter -->
<testsuite skipped="0" hostname="DESKTOP-PJ4T7BF" name="c_22C1_C2_learnTestNGParameters_TakeSnapShot.TakeScreenshots" tests="1" failures="0" timestamp="2024-02-11T23:07:06 CST" time="19.846" errors="0">
  <testcase name="createLead" time="19.846" classname="c_22C1_C2_learnTestNGParameters_TakeSnapShot.TakeScreenshots"/>
  <system-out/>
</testsuite> <!-- c_22C1_C2_learnTestNGParameters_TakeSnapShot.TakeScreenshots -->
